[15:22:07] [ServerMain/INFO]: Environment: authHost='https://authserver.mojang.com', accountsHost='https://api.mojang.com', sessionHost='https://sessionserver.mojang.com', servicesHost='https://api.minecraftservices.com', name='PROD'
[15:22:09] [ServerMain/INFO]: Loaded 7 recipes
[15:22:09] [ServerMain/INFO]: Loaded 1271 advancements
[15:22:10] [Server thread/INFO]: Starting minecraft server version 1.20
[15:22:10] [Server thread/INFO]: Loading properties
[15:22:10] [Server thread/INFO]: Default game type: SURVIVAL
[15:22:10] [Server thread/INFO]: Generating keypair
[15:22:10] [Server thread/INFO]: Starting Minecraft server on *:25565
[15:22:11] [Server thread/INFO]: Using default channel type
[15:22:11] [Server thread/INFO]: Preparing level "world"
[15:22:13] [Server thread/INFO]: Preparing start region for dimension minecraft:overworld
[15:22:17] [Worker-Main-11/INFO]: Preparing spawn area: 0%
[15:22:17] [Worker-Main-11/INFO]: Preparing spawn area: 0%
[15:22:17] [Worker-Main-11/INFO]: Preparing spawn area: 0%
[15:22:17] [Worker-Main-11/INFO]: Preparing spawn area: 0%
[15:22:17] [Worker-Main-11/INFO]: Preparing spawn area: 0%
[15:22:17] [Worker-Main-11/INFO]: Preparing spawn area: 0%
[15:22:17] [Worker-Main-11/INFO]: Preparing spawn area: 0%
[15:22:17] [Worker-Main-11/INFO]: Preparing spawn area: 0%
[15:22:17] [Worker-Main-4/INFO]: Preparing spawn area: 0%
[15:22:17] [Worker-Main-2/INFO]: Preparing spawn area: 2%
[15:22:18] [Worker-Main-6/INFO]: Preparing spawn area: 59%
[15:22:18] [Server thread/INFO]: Time elapsed: 5295 ms
[15:22:18] [Server thread/INFO]: Done (7.205s)! For help, type "help"
[15:23:42] [Server thread/INFO]: /advancement (grant|revoke)
[15:23:42] [Server thread/INFO]: /attribute <target> <attribute> (get|base|modifier)
[15:23:42] [Server thread/INFO]: /execute (run|if|unless|as|at|store|positioned|rotated|facing|align|anchored|in|summon|on)
[15:23:42] [Server thread/INFO]: /bossbar (add|remove|list|set|get)
[15:23:42] [Server thread/INFO]: /clear [<targets>]
[15:23:42] [Server thread/INFO]: /clone (<begin>|from)
[15:23:42] [Server thread/INFO]: /damage <target> <amount> [<damageType>]
[15:23:42] [Server thread/INFO]: /data (merge|get|remove|modify)
[15:23:42] [Server thread/INFO]: /datapack (enable|disable|list)
[15:23:42] [Server thread/INFO]: /debug (start|stop|function)
[15:23:42] [Server thread/INFO]: /defaultgamemode <gamemode>
[15:23:42] [Server thread/INFO]: /difficulty [peaceful|easy|normal|hard]
[15:23:42] [Server thread/INFO]: /effect (clear|give)
[15:23:42] [Server thread/INFO]: /me <action>
[15:23:42] [Server thread/INFO]: /enchant <targets> <enchantment> [<level>]
[15:23:42] [Server thread/INFO]: /experience (add|set|query)
[15:23:42] [Server thread/INFO]: /xp -> experience
[15:23:42] [Server thread/INFO]: /fill <from> <to> <block> [replace|keep|outline|hollow|destroy]
[15:23:42] [Server thread/INFO]: /fillbiome <from> <to> <biome> [replace]
[15:23:42] [Server thread/INFO]: /forceload (add|remove|query)
[15:23:42] [Server thread/INFO]: /function <name>
[15:23:42] [Server thread/INFO]: /gamemode <gamemode> [<target>]
[15:23:42] [Server thread/INFO]: /gamerule (announceAdvancements|blockExplosionDropDecay|commandBlockOutput|commandModificationBlockLimit|disableElytraMovementCheck|disableRaids|doDaylightCycle|doEntityDrops|doFireTick|doImmediateRespawn|doInsomnia|doLimitedCrafting|doMobLoot|doMobSpawning|doPatrolSpawning|doTileDrops|doTraderSpawning|doVinesSpread|doWardenSpawning|doWeatherCycle|drowningDamage|fallDamage|fireDamage|forgiveDeadPlayers|freezeDamage|globalSoundEvents|keepInventory|lavaSourceConversion|logAdminCommands|maxCommandChainLength|maxEntityCramming|mobExplosionDropDecay|mobGriefing|naturalRegeneration|playersSleepingPercentage|randomTickSpeed|reducedDebugInfo|sendCommandFeedback|showDeathMessages|snowAccumulationHeight|spawnRadius|spectatorsGenerateChunks|tntExplosionDropDecay|universalAnger|waterSourceConversion)
[15:23:42] [Server thread/INFO]: /give <targets> <item> [<count>]
[15:23:42] [Server thread/INFO]: /help [<command>]
[15:23:42] [Server thread/INFO]: /item (replace|modify)
[15:23:42] [Server thread/INFO]: /kick <targets> [<reason>]
[15:23:42] [Server thread/INFO]: /kill [<targets>]
[15:23:42] [Server thread/INFO]: /list [uuids]
[15:23:42] [Server thread/INFO]: /locate (structure|biome|poi)
[15:23:42] [Server thread/INFO]: /loot (replace|insert|give|spawn)
[15:23:42] [Server thread/INFO]: /msg <targets> <message>
[15:23:42] [Server thread/INFO]: /tell -> msg
[15:23:42] [Server thread/INFO]: /w -> msg
[15:23:42] [Server thread/INFO]: /particle <name> [<pos>]
[15:23:42] [Server thread/INFO]: /place (feature|jigsaw|structure|template)
[15:23:42] [Server thread/INFO]: /playsound <sound> (master|music|record|weather|block|hostile|neutral|player|ambient|voice)
[15:23:42] [Server thread/INFO]: /reload
[15:23:42] [Server thread/INFO]: /recipe (give|take)
[15:23:42] [Server thread/INFO]: /return <value>
[15:23:42] [Server thread/INFO]: /ride <target> (mount|dismount)
[15:23:42] [Server thread/INFO]: /say <message>
[15:23:42] [Server thread/INFO]: /schedule (function|clear)
[15:23:42] [Server thread/INFO]: /scoreboard (objectives|players)
[15:23:42] [Server thread/INFO]: /seed
[15:23:42] [Server thread/INFO]: /setblock <pos> <block> [destroy|keep|replace]
[15:23:42] [Server thread/INFO]: /spawnpoint [<targets>]
[15:23:42] [Server thread/INFO]: /setworldspawn [<pos>]
[15:23:42] [Server thread/INFO]: /spectate [<target>]
[15:23:42] [Server thread/INFO]: /spreadplayers <center> <spreadDistance> <maxRange> (<respectTeams>|under)
[15:23:42] [Server thread/INFO]: /stopsound <targets> [*|master|music|record|weather|block|hostile|neutral|player|ambient|voice]
[15:23:42] [Server thread/INFO]: /summon <entity> [<pos>]
[15:23:42] [Server thread/INFO]: /tag <targets> (add|remove|list)
[15:23:42] [Server thread/INFO]: /team (list|add|remove|empty|join|leave|modify)
[15:23:42] [Server thread/INFO]: /teammsg <message>
[15:23:42] [Server thread/INFO]: /tm -> teammsg
[15:23:42] [Server thread/INFO]: /teleport (<location>|<destination>|<targets>)
[15:23:42] [Server thread/INFO]: /tp -> teleport
[15:23:42] [Server thread/INFO]: /tellraw <targets> <message>
[15:23:42] [Server thread/INFO]: /time (set|add|query)
[15:23:42] [Server thread/INFO]: /title <targets> (clear|reset|title|subtitle|actionbar|times)
[15:23:42] [Server thread/INFO]: /trigger <objective> [add|set]
[15:23:42] [Server thread/INFO]: /weather (clear|rain|thunder)
[15:23:42] [Server thread/INFO]: /worldborder (add|set|center|damage|get|warning)
[15:23:42] [Server thread/INFO]: /jfr (start|stop)
[15:23:42] [Server thread/INFO]: /ban-ip <target> [<reason>]
[15:23:42] [Server thread/INFO]: /banlist [ips|players]
[15:23:42] [Server thread/INFO]: /ban <targets> [<reason>]
[15:23:42] [Server thread/INFO]: /deop <targets>
[15:23:42] [Server thread/INFO]: /op <targets>
[15:23:42] [Server thread/INFO]: /pardon <targets>
[15:23:42] [Server thread/INFO]: /pardon-ip <target>
[15:23:42] [Server thread/INFO]: /perf (start|stop)
[15:23:42] [Server thread/INFO]: /save-all [flush]
[15:23:42] [Server thread/INFO]: /save-off
[15:23:42] [Server thread/INFO]: /save-on
[15:23:42] [Server thread/INFO]: /setidletimeout <minutes>
[15:23:42] [Server thread/INFO]: /stop
[15:23:42] [Server thread/INFO]: /whitelist (on|off|list|add|remove|reload)
[15:23:43] [Server thread/INFO]: Unknown or incomplete command, see below for error
[15:23:43] [Server thread/INFO]: op<--[HERE]
[15:23:46] [Server thread/INFO]: Unknown or incomplete command, see below for error
[15:23:46] [Server thread/INFO]: deop<--[HERE]
[15:23:52] [Server thread/INFO]: Made Demorien a server operator
[15:23:58] [Server thread/INFO]: Made Demorien no longer a server operator
[15:24:13] [Server thread/INFO]: Nothing changed. The player is not an operator
[15:24:28] [Server thread/INFO]: Unknown or incomplete command, see below for error
[15:24:28] [Server thread/INFO]: save<--[HERE]
[15:24:31] [Server thread/INFO]: Unknown or incomplete command, see below for error
[15:24:31] [Server thread/INFO]: save<--[HERE]
[15:24:37] [Server thread/INFO]: Stopping the server
[15:24:38] [Server thread/INFO]: Stopping server
[15:24:38] [Server thread/INFO]: Saving players
[15:24:38] [Server thread/INFO]: Saving worlds
[15:24:39] [Server thread/INFO]: Saving chunks for level 'ServerLevel[world]'/minecraft:overworld
[15:24:39] [Server thread/INFO]: Saving chunks for level 'ServerLevel[world]'/minecraft:the_nether
[15:24:39] [Server thread/INFO]: Saving chunks for level 'ServerLevel[world]'/minecraft:the_end
[15:24:39] [Server thread/INFO]: ThreadedAnvilChunkStorage (world): All chunks are saved
[15:24:39] [Server thread/INFO]: ThreadedAnvilChunkStorage (DIM-1): All chunks are saved
[15:24:39] [Server thread/INFO]: ThreadedAnvilChunkStorage (DIM1): All chunks are saved
[15:24:39] [Server thread/INFO]: ThreadedAnvilChunkStorage: All dimensions are saved
