[16:08:20] [ServerMain/INFO]: Environment: authHost='https://authserver.mojang.com', accountsHost='https://api.mojang.com', sessionHost='https://sessionserver.mojang.com', servicesHost='https://api.minecraftservices.com', name='PROD'
[16:08:22] [ServerMain/INFO]: Loaded 7 recipes
[16:08:22] [ServerMain/INFO]: Loaded 1271 advancements
[16:08:23] [Server thread/INFO]: Starting minecraft server version 1.20
[16:08:23] [Server thread/INFO]: Loading properties
[16:08:23] [Server thread/INFO]: Default game type: SURVIVAL
[16:08:23] [Server thread/INFO]: Generating keypair
[16:08:23] [Server thread/INFO]: Starting Minecraft server on *:25565
[16:08:23] [Server thread/INFO]: Using default channel type
[16:08:23] [Server thread/INFO]: Preparing level "world"
[16:08:25] [Server thread/INFO]: Preparing start region for dimension minecraft:overworld
[16:08:29] [Worker-Main-5/INFO]: Preparing spawn area: 0%
[16:08:29] [Worker-Main-5/INFO]: Preparing spawn area: 0%
[16:08:29] [Worker-Main-5/INFO]: Preparing spawn area: 0%
[16:08:29] [Worker-Main-5/INFO]: Preparing spawn area: 0%
[16:08:29] [Worker-Main-5/INFO]: Preparing spawn area: 0%
[16:08:29] [Worker-Main-5/INFO]: Preparing spawn area: 0%
[16:08:29] [Worker-Main-9/INFO]: Preparing spawn area: 0%
[16:08:29] [Worker-Main-2/INFO]: Preparing spawn area: 0%
[16:08:29] [Worker-Main-8/INFO]: Preparing spawn area: 0%
[16:08:30] [Worker-Main-9/INFO]: Preparing spawn area: 21%
[16:08:30] [Worker-Main-8/INFO]: Preparing spawn area: 78%
[16:08:31] [Server thread/INFO]: Time elapsed: 5289 ms
[16:08:31] [Server thread/INFO]: Done (7.290s)! For help, type "help"
[16:08:49] [Server thread/INFO]: /advancement (grant|revoke)
[16:08:49] [Server thread/INFO]: /attribute <target> <attribute> (get|base|modifier)
[16:08:49] [Server thread/INFO]: /execute (run|if|unless|as|at|store|positioned|rotated|facing|align|anchored|in|summon|on)
[16:08:49] [Server thread/INFO]: /bossbar (add|remove|list|set|get)
[16:08:49] [Server thread/INFO]: /clear [<targets>]
[16:08:49] [Server thread/INFO]: /clone (<begin>|from)
[16:08:49] [Server thread/INFO]: /damage <target> <amount> [<damageType>]
[16:08:49] [Server thread/INFO]: /data (merge|get|remove|modify)
[16:08:49] [Server thread/INFO]: /datapack (enable|disable|list)
[16:08:49] [Server thread/INFO]: /debug (start|stop|function)
[16:08:49] [Server thread/INFO]: /defaultgamemode <gamemode>
[16:08:49] [Server thread/INFO]: /difficulty [peaceful|easy|normal|hard]
[16:08:49] [Server thread/INFO]: /effect (clear|give)
[16:08:49] [Server thread/INFO]: /me <action>
[16:08:49] [Server thread/INFO]: /enchant <targets> <enchantment> [<level>]
[16:08:49] [Server thread/INFO]: /experience (add|set|query)
[16:08:49] [Server thread/INFO]: /xp -> experience
[16:08:49] [Server thread/INFO]: /fill <from> <to> <block> [replace|keep|outline|hollow|destroy]
[16:08:49] [Server thread/INFO]: /fillbiome <from> <to> <biome> [replace]
[16:08:49] [Server thread/INFO]: /forceload (add|remove|query)
[16:08:49] [Server thread/INFO]: /function <name>
[16:08:49] [Server thread/INFO]: /gamemode <gamemode> [<target>]
[16:08:49] [Server thread/INFO]: /gamerule (announceAdvancements|blockExplosionDropDecay|commandBlockOutput|commandModificationBlockLimit|disableElytraMovementCheck|disableRaids|doDaylightCycle|doEntityDrops|doFireTick|doImmediateRespawn|doInsomnia|doLimitedCrafting|doMobLoot|doMobSpawning|doPatrolSpawning|doTileDrops|doTraderSpawning|doVinesSpread|doWardenSpawning|doWeatherCycle|drowningDamage|fallDamage|fireDamage|forgiveDeadPlayers|freezeDamage|globalSoundEvents|keepInventory|lavaSourceConversion|logAdminCommands|maxCommandChainLength|maxEntityCramming|mobExplosionDropDecay|mobGriefing|naturalRegeneration|playersSleepingPercentage|randomTickSpeed|reducedDebugInfo|sendCommandFeedback|showDeathMessages|snowAccumulationHeight|spawnRadius|spectatorsGenerateChunks|tntExplosionDropDecay|universalAnger|waterSourceConversion)
[16:08:49] [Server thread/INFO]: /give <targets> <item> [<count>]
[16:08:49] [Server thread/INFO]: /help [<command>]
[16:08:49] [Server thread/INFO]: /item (replace|modify)
[16:08:49] [Server thread/INFO]: /kick <targets> [<reason>]
[16:08:49] [Server thread/INFO]: /kill [<targets>]
[16:08:49] [Server thread/INFO]: /list [uuids]
[16:08:49] [Server thread/INFO]: /locate (structure|biome|poi)
[16:08:49] [Server thread/INFO]: /loot (replace|insert|give|spawn)
[16:08:49] [Server thread/INFO]: /msg <targets> <message>
[16:08:49] [Server thread/INFO]: /tell -> msg
[16:08:49] [Server thread/INFO]: /w -> msg
[16:08:49] [Server thread/INFO]: /particle <name> [<pos>]
[16:08:49] [Server thread/INFO]: /place (feature|jigsaw|structure|template)
[16:08:49] [Server thread/INFO]: /playsound <sound> (master|music|record|weather|block|hostile|neutral|player|ambient|voice)
[16:08:49] [Server thread/INFO]: /reload
[16:08:49] [Server thread/INFO]: /recipe (give|take)
[16:08:49] [Server thread/INFO]: /return <value>
[16:08:49] [Server thread/INFO]: /ride <target> (mount|dismount)
[16:08:49] [Server thread/INFO]: /say <message>
[16:08:49] [Server thread/INFO]: /schedule (function|clear)
[16:08:49] [Server thread/INFO]: /scoreboard (objectives|players)
[16:08:49] [Server thread/INFO]: /seed
[16:08:49] [Server thread/INFO]: /setblock <pos> <block> [destroy|keep|replace]
[16:08:49] [Server thread/INFO]: /spawnpoint [<targets>]
[16:08:49] [Server thread/INFO]: /setworldspawn [<pos>]
[16:08:49] [Server thread/INFO]: /spectate [<target>]
[16:08:49] [Server thread/INFO]: /spreadplayers <center> <spreadDistance> <maxRange> (<respectTeams>|under)
[16:08:49] [Server thread/INFO]: /stopsound <targets> [*|master|music|record|weather|block|hostile|neutral|player|ambient|voice]
[16:08:49] [Server thread/INFO]: /summon <entity> [<pos>]
[16:08:49] [Server thread/INFO]: /tag <targets> (add|remove|list)
[16:08:49] [Server thread/INFO]: /team (list|add|remove|empty|join|leave|modify)
[16:08:49] [Server thread/INFO]: /teammsg <message>
[16:08:49] [Server thread/INFO]: /tm -> teammsg
[16:08:49] [Server thread/INFO]: /teleport (<location>|<destination>|<targets>)
[16:08:49] [Server thread/INFO]: /tp -> teleport
[16:08:49] [Server thread/INFO]: /tellraw <targets> <message>
[16:08:49] [Server thread/INFO]: /time (set|add|query)
[16:08:49] [Server thread/INFO]: /title <targets> (clear|reset|title|subtitle|actionbar|times)
[16:08:49] [Server thread/INFO]: /trigger <objective> [add|set]
[16:08:49] [Server thread/INFO]: /weather (clear|rain|thunder)
[16:08:49] [Server thread/INFO]: /worldborder (add|set|center|damage|get|warning)
[16:08:49] [Server thread/INFO]: /jfr (start|stop)
[16:08:49] [Server thread/INFO]: /ban-ip <target> [<reason>]
[16:08:49] [Server thread/INFO]: /banlist [ips|players]
[16:08:49] [Server thread/INFO]: /ban <targets> [<reason>]
[16:08:49] [Server thread/INFO]: /deop <targets>
[16:08:49] [Server thread/INFO]: /op <targets>
[16:08:49] [Server thread/INFO]: /pardon <targets>
[16:08:49] [Server thread/INFO]: /pardon-ip <target>
[16:08:49] [Server thread/INFO]: /perf (start|stop)
[16:08:49] [Server thread/INFO]: /save-all [flush]
[16:08:49] [Server thread/INFO]: /save-off
[16:08:49] [Server thread/INFO]: /save-on
[16:08:49] [Server thread/INFO]: /setidletimeout <minutes>
[16:08:49] [Server thread/INFO]: /stop
[16:08:49] [Server thread/INFO]: /whitelist (on|off|list|add|remove|reload)
[16:08:54] [Server thread/INFO]: Unknown or incomplete command, see below for error
[16:08:54] [Server thread/INFO]: info<--[HERE]
[16:08:57] [Server thread/INFO]: [Not Secure] * Server Hi
